[2014-12-21 18:10:12.461] [INFO] default - 200	http://wanghuanming.com
[2014-12-21 18:10:13.608] [INFO] default - 200	http://ruanyifeng.com
[2014-12-21 18:10:13.757] [INFO] default - 200	http://andrewliu.tk/
[2014-12-21 18:10:13.828] [INFO] default - 200	http://coolshell.cn
[2014-12-21 18:10:16.897] [INFO] default - 200	http://blog.hesey.net/
[2014-12-21 18:10:17.506] [INFO] default - 200	http://www.wutianqi.com
[2014-12-21 18:10:17.644] [INFO] default - 200	https://byvoid.com
[2014-12-21 18:10:20.705] [INFO] default - 200	http://blog.codingnow.com
[2014-12-21 18:10:20.973] [INFO] default - 200	http://csrd.aliapp.com/
[2014-12-21 18:10:21.033] [INFO] default - 200	http://airtrack.me/
[2014-12-21 18:10:21.054] [INFO] default - 200	http://wuchong.me/
[2014-12-21 18:10:21.792] [INFO] default - 200	http://blog.zhaojie.me/
[2014-12-21 18:10:24.453] [INFO] default - 200	http://wanghuanming.com/about
[2014-12-21 18:10:24.468] [INFO] default - 200	http://wanghuanming.com/
[2014-12-21 18:10:24.487] [INFO] default - 200	http://wanghuanming.com/archives
[2014-12-21 18:10:28.473] [INFO] default - 200	http://wanghuanming.com/2014/12/mongous-introduction/
[2014-12-21 18:10:28.503] [INFO] default - 200	http://wanghuanming.com/2014/12/vim-highlight/
[2014-12-21 18:10:28.522] [INFO] default - 200	http://wanghuanming.com/2014/12/blog-seo/
[2014-12-21 18:10:28.541] [INFO] default - 200	http://wanghuanming.com/2014/12/stackdump/
[2014-12-21 18:46:41.313] [INFO] default - 200	http://ruanyifeng.com
[2014-12-21 18:46:41.390] [INFO] default - 200	http://coolshell.cn
[2014-12-21 18:46:41.811] [INFO] default - 200	http://wanghuanming.com
[2014-12-21 18:46:45.574] [INFO] default - 200	http://blog.hesey.net
[2014-12-21 18:46:46.282] [INFO] default - 200	https://byvoid.com
[2014-12-21 18:46:46.404] [INFO] default - 200	http://blog.codingnow.com
[2014-12-21 18:46:46.962] [INFO] default - 200	http://www.wutianqi.com
[2014-12-21 18:46:48.941] [INFO] default - 200	http://andrewliu.tk
[2014-12-21 18:46:49.020] [INFO] default - 200	http://csrd.aliapp.com
[2014-12-21 18:46:50.048] [INFO] default - 200	http://blog.zhaojie.me
[2014-12-21 18:46:51.425] [INFO] default - 200	http://wuchong.me
[2014-12-21 18:46:52.952] [INFO] default - 200	http://ruanyifeng.com/blog/
[2014-12-21 18:46:53.669] [INFO] default - 200	http://airtrack.me
[2014-12-21 18:46:54.278] [INFO] default - 200	http://ruanyifeng.com/tweets/
[2014-12-21 18:46:55.548] [INFO] default - 200	http://ruanyifeng.com/en/
[2014-12-21 18:46:56.686] [INFO] default - 200	http://ruanyifeng.com/about.html
[2014-12-21 18:46:58.100] [INFO] default - 200	http://coolshell.cn/
[2014-12-21 18:47:01.144] [INFO] default - 200	http://coolshell.cn/guestbook
[2014-12-21 18:47:01.386] [INFO] default - 200	http://coolshell.cn/about
[2014-12-21 18:47:01.488] [INFO] default - 200	http://coolshell.cn/plugins
[2014-12-21 18:47:03.593] [INFO] default - 200	http://coolshell.cn/featured_posts
[2014-12-21 18:47:05.167] [INFO] default - 200	http://coolshell.cn/articles/12225.html
[2014-12-21 18:47:05.414] [INFO] default - 200	http://coolshell.cn/haoel
[2014-12-21 18:47:06.384] [INFO] default - 200	http://coolshell.cn/articles/author/jnj
[2014-12-21 18:47:10.158] [INFO] default - 200	http://coolshell.cn/category/techarticle
[2014-12-21 18:47:10.273] [INFO] default - 200	http://coolshell.cn/tag/android
[2014-12-21 18:47:10.342] [INFO] default - 200	http://coolshell.cn/category/misc
[2014-12-21 18:47:13.419] [INFO] default - 200	http://coolshell.cn/tag/webview
[2014-12-21 18:47:13.488] [INFO] default - 200	http://coolshell.cn/tag/hybrid
[2014-12-21 18:47:13.661] [INFO] default - 200	http://coolshell.cn/tag/ios
[2014-12-21 18:47:13.900] [INFO] default - 200	http://coolshell.cn/tag/web
[2014-12-21 18:47:17.401] [INFO] default - 200	http://coolshell.cn/tag/移动开发
